<?xml version="1.0" encoding="UTF-8"?>
<testng-results skipped="0" failed="0" total="2" passed="2">
  <reporter-output>
  </reporter-output>
  <suite name="AutoSuggestApp" duration-ms="13842" started-at="2022-05-11T15:16:03Z" finished-at="2022-05-11T15:16:17Z">
    <groups>
    </groups>
    <test name="GoogleHomeTest" duration-ms="8519" started-at="2022-05-11T15:16:03Z" finished-at="2022-05-11T15:16:12Z">
      <class name="com.autoSuggestV2.testCases.TC_GoogleHomeTest_001">
        <test-method status="PASS" signature="setUp(java.lang.String)[pri:0, instance:com.autoSuggestV2.testCases.TC_GoogleHomeTest_001@66d33a]" name="setUp" is-config="true" duration-ms="5333" started-at="2022-05-11T15:16:03Z" finished-at="2022-05-11T15:16:09Z">
          <params>
            <param index="0">
              <value>
                <![CDATA[chrome]]>
              </value>
            </param>
          </params>
          <reporter-output>
          </reporter-output>
        </test-method> <!-- setUp -->
        <test-method status="PASS" signature="HomepageTest(java.lang.String, java.lang.String)[pri:0, instance:com.autoSuggestV2.testCases.TC_GoogleHomeTest_001@66d33a]" name="HomepageTest" duration-ms="2911" started-at="2022-05-11T15:16:09Z" finished-at="2022-05-11T15:16:12Z">
          <params>
            <param index="0">
              <value>
                <![CDATA[docker]]>
              </value>
            </param>
            <param index="1">
              <value>
                <![CDATA[docker compose]]>
              </value>
            </param>
          </params>
          <reporter-output>
          </reporter-output>
        </test-method> <!-- HomepageTest -->
        <test-method status="PASS" signature="tearDown()[pri:0, instance:com.autoSuggestV2.testCases.TC_GoogleHomeTest_001@66d33a]" name="tearDown" is-config="true" duration-ms="258" started-at="2022-05-11T15:16:12Z" finished-at="2022-05-11T15:16:12Z">
          <reporter-output>
          </reporter-output>
        </test-method> <!-- tearDown -->
      </class> <!-- com.autoSuggestV2.testCases.TC_GoogleHomeTest_001 -->
    </test> <!-- GoogleHomeTest -->
    <test name="SearchTest" duration-ms="13842" started-at="2022-05-11T15:16:03Z" finished-at="2022-05-11T15:16:17Z">
      <class name="com.autoSuggestV2.testCases.TC_SearchTest_001">
        <test-method status="PASS" signature="setUp(java.lang.String)[pri:0, instance:com.autoSuggestV2.testCases.TC_SearchTest_001@e580929]" name="setUp" is-config="true" duration-ms="8120" started-at="2022-05-11T15:16:03Z" finished-at="2022-05-11T15:16:11Z">
          <params>
            <param index="0">
              <value>
                <![CDATA[firefox]]>
              </value>
            </param>
          </params>
          <reporter-output>
          </reporter-output>
        </test-method> <!-- setUp -->
        <test-method status="PASS" signature="searchPageTest(java.lang.String, java.lang.String, java.lang.String)[pri:0, instance:com.autoSuggestV2.testCases.TC_SearchTest_001@e580929]" name="searchPageTest" duration-ms="4885" started-at="2022-05-11T15:16:11Z" finished-at="2022-05-11T15:16:16Z">
          <params>
            <param index="0">
              <value>
                <![CDATA[docker]]>
              </value>
            </param>
            <param index="1">
              <value>
                <![CDATA[docker compose]]>
              </value>
            </param>
            <param index="2">
              <value>
                <![CDATA[Localhost]]>
              </value>
            </param>
          </params>
          <reporter-output>
          </reporter-output>
        </test-method> <!-- searchPageTest -->
        <test-method status="PASS" signature="tearDown()[pri:0, instance:com.autoSuggestV2.testCases.TC_SearchTest_001@e580929]" name="tearDown" is-config="true" duration-ms="834" started-at="2022-05-11T15:16:16Z" finished-at="2022-05-11T15:16:17Z">
          <reporter-output>
          </reporter-output>
        </test-method> <!-- tearDown -->
      </class> <!-- com.autoSuggestV2.testCases.TC_SearchTest_001 -->
    </test> <!-- SearchTest -->
  </suite> <!-- AutoSuggestApp -->
</testng-results>
