<?xml version="1.0" encoding="UTF-8"?>
<testng-results skipped="0" failed="0" total="2" passed="2">
  <reporter-output>
  </reporter-output>
  <suite name="AutoSuggestApp" duration-ms="11021" started-at="2022-05-13T10:01:10Z" finished-at="2022-05-13T10:01:21Z">
    <groups>
    </groups>
    <test name="GoogleHomeTest" duration-ms="6901" started-at="2022-05-13T10:01:10Z" finished-at="2022-05-13T10:01:17Z">
      <class name="com.autoSuggestV2.testCases.TC_GoogleHomeTest_001">
        <test-method status="PASS" signature="setUp(java.lang.String)[pri:0, instance:com.autoSuggestV2.testCases.TC_GoogleHomeTest_001@604ed9f0]" name="setUp" is-config="true" duration-ms="3412" started-at="2022-05-13T15:31:10Z" finished-at="2022-05-13T15:31:14Z">
          <params>
            <param index="0">
              <value>
                <![CDATA[chrome]]>
              </value>
            </param>
          </params>
          <reporter-output>
          </reporter-output>
        </test-method> <!-- setUp -->
        <test-method status="PASS" signature="HomepageTest(java.lang.String, java.lang.String)[pri:0, instance:com.autoSuggestV2.testCases.TC_GoogleHomeTest_001@604ed9f0]" name="HomepageTest" duration-ms="2960" started-at="2022-05-13T15:31:14Z" finished-at="2022-05-13T15:31:17Z">
          <params>
            <param index="0">
              <value>
                <![CDATA[docker]]>
              </value>
            </param>
            <param index="1">
              <value>
                <![CDATA[docker compose]]>
              </value>
            </param>
          </params>
          <reporter-output>
          </reporter-output>
        </test-method> <!-- HomepageTest -->
        <test-method status="PASS" signature="tearDown()[pri:0, instance:com.autoSuggestV2.testCases.TC_GoogleHomeTest_001@604ed9f0]" name="tearDown" is-config="true" duration-ms="507" started-at="2022-05-13T15:31:17Z" finished-at="2022-05-13T15:31:17Z">
          <reporter-output>
          </reporter-output>
        </test-method> <!-- tearDown -->
      </class> <!-- com.autoSuggestV2.testCases.TC_GoogleHomeTest_001 -->
    </test> <!-- GoogleHomeTest -->
    <test name="SearchTest" duration-ms="11021" started-at="2022-05-13T10:01:10Z" finished-at="2022-05-13T10:01:21Z">
      <class name="com.autoSuggestV2.testCases.TC_SearchTest_001">
        <test-method status="PASS" signature="setUp(java.lang.String)[pri:0, instance:com.autoSuggestV2.testCases.TC_SearchTest_001@57fffcd7]" name="setUp" is-config="true" duration-ms="7308" started-at="2022-05-13T15:31:10Z" finished-at="2022-05-13T15:31:17Z">
          <params>
            <param index="0">
              <value>
                <![CDATA[firefox]]>
              </value>
            </param>
          </params>
          <reporter-output>
          </reporter-output>
        </test-method> <!-- setUp -->
        <test-method status="PASS" signature="searchPageTest(java.lang.String, java.lang.String, java.lang.String)[pri:0, instance:com.autoSuggestV2.testCases.TC_SearchTest_001@57fffcd7]" name="searchPageTest" duration-ms="2969" started-at="2022-05-13T15:31:17Z" finished-at="2022-05-13T15:31:20Z">
          <params>
            <param index="0">
              <value>
                <![CDATA[docker]]>
              </value>
            </param>
            <param index="1">
              <value>
                <![CDATA[docker compose]]>
              </value>
            </param>
            <param index="2">
              <value>
                <![CDATA[Localhost]]>
              </value>
            </param>
          </params>
          <reporter-output>
          </reporter-output>
        </test-method> <!-- searchPageTest -->
        <test-method status="PASS" signature="tearDown()[pri:0, instance:com.autoSuggestV2.testCases.TC_SearchTest_001@57fffcd7]" name="tearDown" is-config="true" duration-ms="738" started-at="2022-05-13T15:31:20Z" finished-at="2022-05-13T15:31:21Z">
          <reporter-output>
          </reporter-output>
        </test-method> <!-- tearDown -->
      </class> <!-- com.autoSuggestV2.testCases.TC_SearchTest_001 -->
    </test> <!-- SearchTest -->
  </suite> <!-- AutoSuggestApp -->
</testng-results>
